[debug] [2022-09-27T20:04:02.019Z] ----------------------------------------------------------------------
[debug] [2022-09-27T20:04:02.021Z] Command:       C:\Program Files\nodejs\node.exe C:\Users\Mani\AppData\Roaming\npm\node_modules\firebase-tools\lib\bin\firebase.js init
[debug] [2022-09-27T20:04:02.021Z] CLI Version:   11.8.0
[debug] [2022-09-27T20:04:02.021Z] Platform:      win32
[debug] [2022-09-27T20:04:02.021Z] Node Version:  v16.16.0
[debug] [2022-09-27T20:04:02.024Z] Time:          Wed Sep 28 2022 01:34:02 GMT+0530 (India Standard Time)
[debug] [2022-09-27T20:04:02.025Z] ----------------------------------------------------------------------
[debug] 
[debug] [2022-09-27T20:04:02.027Z] >>> [apiv2][query] GET https://firebase-public.firebaseio.com/cli.json [none]
[debug] [2022-09-27T20:04:02.046Z] > command requires scopes: ["email","openid","https://www.googleapis.com/auth/cloudplatformprojects.readonly","https://www.googleapis.com/auth/firebase","https://www.googleapis.com/auth/cloud-platform"]
[debug] [2022-09-27T20:04:02.046Z] > authorizing via signed-in user (chrisathen143@gmail.com)
[info] 
     ######## #### ########  ######## ########     ###     ######  ########
     ##        ##  ##     ## ##       ##     ##  ##   ##  ##       ##
     ######    ##  ########  ######   ########  #########  ######  ######
     ##        ##  ##    ##  ##       ##     ## ##     ##       ## ##
     ##       #### ##     ## ######## ########  ##     ##  ######  ########

You're about to initialize a Firebase project in this directory:

  C:\Users\Mani\Desktop\invertV2\client

[debug] [2022-09-27T20:04:03.222Z] <<< [apiv2][status] GET https://firebase-public.firebaseio.com/cli.json 200
[debug] [2022-09-27T20:04:03.222Z] <<< [apiv2][body] GET https://firebase-public.firebaseio.com/cli.json {"cloudBuildErrorAfter":1594252800000,"cloudBuildWarnAfter":1590019200000,"defaultNode10After":1594252800000,"minVersion":"3.0.5","node8DeploysDisabledAfter":1613390400000,"node8RuntimeDisabledAfter":1615809600000,"node8WarnAfter":1600128000000}
[info] 
=== Project Setup
[info] 
[info] First, let's associate this project directory with a Firebase project.
[info] You can create multiple project aliases by running firebase use --add, 
[info] but for now we'll just set up a default project.
[info] 
[info] i  If you want to create a project in a Google Cloud organization or folder, please use "firebase projects:create" instead, and return to this command when you've created the project. 
